Build started 10/24/2013 4:36:51 PM.
     1>Project "C:\Users\Kiyomizu\Documents\Visual Studio 2012\Projects\cfd\cfd_smoke3D\cfd_smoke3D.vcxproj" on node 2 (Build target(s)).
     1>ClCompile:
         C:\Program Files (x86)\Microsoft Visual Studio 11.0\VC\bin\CL.exe /c /I"C:\Program Files\NVIDIA GPU Computing Toolkit\CUDA\v5.5\include" /ZI /nologo /W3 /WX- /Od /Oy- /D WIN32 /D _DEBUG /D _CONSOLE /D _MBCS /Gm /EHsc /RTC1 /MDd /GS /Zc:wchar_t /Zc:forScope /Fo"Debug\\" /Fd"Debug\vc110.pdb" /Gd /TP /analyze- /errorReport:prompt visual_framework.cpp
         visual_framework.cpp
     1>c:\users\kiyomizu\documents\visual studio 2012\projects\cfd\include\sge\config\sgauxiliaries.h(38): warning C4067: unexpected tokens following preprocessor directive - expected a newline
     1>c:\users\kiyomizu\documents\visual studio 2012\projects\cfd\include\sge\config\sgauxiliaries.h(42): warning C4067: unexpected tokens following preprocessor directive - expected a newline
     1>c:\users\kiyomizu\documents\visual studio 2012\projects\cfd\include\sge\config\sgauxiliaries.h(46): warning C4067: unexpected tokens following preprocessor directive - expected a newline
     1>c:\users\kiyomizu\documents\visual studio 2012\projects\cfd\include\sge\config\sgauxiliaries.h(54): warning C4067: unexpected tokens following preprocessor directive - expected a newline
     1>c:\users\kiyomizu\documents\visual studio 2012\projects\cfd\cfd_smoke3d\visual_framework.cpp(65): warning C4244: '=' : conversion from 'GLuint' to 'GLfloat', possible loss of data
     1>c:\users\kiyomizu\documents\visual studio 2012\projects\cfd\cfd_smoke3d\visual_framework.cpp(66): warning C4244: '=' : conversion from 'GLuint' to 'GLfloat', possible loss of data
     1>c:\users\kiyomizu\documents\visual studio 2012\projects\cfd\cfd_smoke3d\visual_framework.cpp(237): warning C4244: '=' : conversion from 'double' to 'UINT', possible loss of data
     1>c:\users\kiyomizu\documents\visual studio 2012\projects\cfd\cfd_smoke3d\visual_framework.cpp(401): warning C4244: '=' : conversion from 'GLuint' to 'GLfloat', possible loss of data
     1>c:\users\kiyomizu\documents\visual studio 2012\projects\cfd\cfd_smoke3d\visual_framework.cpp(402): warning C4244: '=' : conversion from 'GLuint' to 'GLfloat', possible loss of data
       ResourceCompile:
         C:\Program Files (x86)\Windows Kits\8.0\bin\x86\rc.exe /l"0x0409" /nologo /fo"Debug\cfd_smoke3D.res" cfd_smoke3D.rc 
       Link:
         C:\Program Files (x86)\Microsoft Visual Studio 11.0\VC\bin\link.exe /ERRORREPORT:PROMPT /OUT:"C:\Users\Kiyomizu\Documents\Visual Studio 2012\Projects\cfd\Debug\cfd_smoke3D.exe" /INCREMENTAL /NOLOGO /LIBPATH:"C:\Program Files\NVIDIA GPU Computing Toolkit\CUDA\v5.5\lib\Win32" cudart.lib kernel32.lib user32.lib gdi32.lib winspool.lib comdlg32.lib advapi32.lib shell32.lib ole32.lib oleaut32.lib uuid.lib odbc32.lib odbccp32.lib kernel32.lib user32.lib gdi32.lib winspool.lib comdlg32.lib advapi32.lib shell32.lib ole32.lib oleaut32.lib uuid.lib odbc32.lib odbccp32.lib /MANIFEST /MANIFESTUAC:"level='asInvoker' uiAccess='false'" /manifest:embed /DEBUG /PDB:"C:\Users\Kiyomizu\Documents\Visual Studio 2012\Projects\cfd\Debug\cfd_smoke3D.pdb" /SUBSYSTEM:CONSOLE /TLBID:1 /DYNAMICBASE /NXCOMPAT /IMPLIB:"C:\Users\Kiyomizu\Documents\Visual Studio 2012\Projects\cfd\Debug\cfd_smoke3D.lib" /MACHINE:X86 Debug\cfd_2DKernel.cu.obj
         Debug\cfd_smoke3D.res
         Debug\launch_main.obj
         Debug\visual_framework.obj
         cfd_smoke3D.vcxproj -> C:\Users\Kiyomizu\Documents\Visual Studio 2012\Projects\cfd\Debug\cfd_smoke3D.exe
       PostBuildEvent:
         echo copy "C:\Program Files\NVIDIA GPU Computing Toolkit\CUDA\v5.5\bin\cudart*.dll" "C:\Users\Kiyomizu\Documents\Visual Studio 2012\Projects\cfd\Debug\"
         copy "C:\Program Files\NVIDIA GPU Computing Toolkit\CUDA\v5.5\bin\cudart*.dll" "C:\Users\Kiyomizu\Documents\Visual Studio 2012\Projects\cfd\Debug\"
         :VCEnd
         copy "C:\Program Files\NVIDIA GPU Computing Toolkit\CUDA\v5.5\bin\cudart*.dll" "C:\Users\Kiyomizu\Documents\Visual Studio 2012\Projects\cfd\Debug\"
         C:\Program Files\NVIDIA GPU Computing Toolkit\CUDA\v5.5\bin\cudart32_55.dll
         C:\Program Files\NVIDIA GPU Computing Toolkit\CUDA\v5.5\bin\cudart64_55.dll
                 2 file(s) copied.
     1>Done Building Project "C:\Users\Kiyomizu\Documents\Visual Studio 2012\Projects\cfd\cfd_smoke3D\cfd_smoke3D.vcxproj" (Build target(s)).

Build succeeded.

Time Elapsed 00:00:01.19
